

Processing FooController#index (for 127.0.0.1 at 2009-06-03 02:26:29) [GET]
Rendering foo/index
Completed in 9ms (View: 7, DB: 0) | 200 OK [http://localhost/rails/]


Processing ApplicationController#index (for 127.0.0.1 at 2009-06-03 02:26:31) [GET]

ActionController::RoutingError (No route matches "/rails/foo" with {:method=>:get}):
  <internal:prelude>:8:in `synchronize'
  thin (1.2.1) lib/thin/connection.rb:76:in `block in pre_process'
  thin (1.2.1) lib/thin/connection.rb:74:in `catch'
  thin (1.2.1) lib/thin/connection.rb:74:in `pre_process'
  thin (1.2.1) lib/thin/connection.rb:57:in `process'
  thin (1.2.1) lib/thin/connection.rb:42:in `receive_data'
  eventmachine (0.12.6) lib/eventmachine.rb:240:in `run_machine'
  eventmachine (0.12.6) lib/eventmachine.rb:240:in `run'
  thin (1.2.1) lib/thin/backends/base.rb:57:in `start'
  thin (1.2.1) lib/thin/server.rb:150:in `start'
  thin (1.2.1) lib/thin/controllers/controller.rb:80:in `start'
  thin (1.2.1) lib/thin/runner.rb:173:in `run_command'
  thin (1.2.1) lib/thin/runner.rb:139:in `run!'
  thin (1.2.1) bin/thin:6:in `<top (required)>'
  /usr/bin/thin19:19:in `load'
  /usr/bin/thin19:19:in `<main>'

Rendering rescues/layout (not_found)


Processing FooController#index (for 127.0.0.1 at 2009-06-03 02:26:33) [GET]
Rendering foo/index
Completed in 2ms (View: 1, DB: 0) | 200 OK [http://localhost/rails/]


Processing FooController#index (for 127.0.0.1 at 2009-06-03 02:31:29) [GET]
Rendering foo/index
Completed in 9ms (View: 7, DB: 0) | 200 OK [http://localhost/rails/]


Processing ApplicationController#index (for 127.0.0.1 at 2009-06-03 02:31:34) [GET]

ActionController::RoutingError (No route matches "/rails/foo" with {:method=>:get}):
  <internal:prelude>:8:in `synchronize'
  thin (1.2.1) lib/thin/connection.rb:76:in `block in pre_process'
  thin (1.2.1) lib/thin/connection.rb:74:in `catch'
  thin (1.2.1) lib/thin/connection.rb:74:in `pre_process'
  thin (1.2.1) lib/thin/connection.rb:57:in `process'
  thin (1.2.1) lib/thin/connection.rb:42:in `receive_data'
  eventmachine (0.12.6) lib/eventmachine.rb:240:in `run_machine'
  eventmachine (0.12.6) lib/eventmachine.rb:240:in `run'
  thin (1.2.1) lib/thin/backends/base.rb:57:in `start'
  thin (1.2.1) lib/thin/server.rb:150:in `start'
  thin (1.2.1) lib/thin/controllers/controller.rb:80:in `start'
  thin (1.2.1) lib/thin/runner.rb:173:in `run_command'
  thin (1.2.1) lib/thin/runner.rb:139:in `run!'
  thin (1.2.1) bin/thin:6:in `<top (required)>'
  /usr/bin/thin19:19:in `load'
  /usr/bin/thin19:19:in `<main>'

Rendering rescues/layout (not_found)


Processing FooController#index (for 127.0.0.1 at 2009-06-03 02:31:43) [GET]
Rendering foo/index
Completed in 3ms (View: 1, DB: 0) | 200 OK [http://localhost/rails]


Processing FooController#index (for 127.0.0.1 at 2009-06-03 02:52:30) [GET]
Rendering foo/index
Completed in 9ms (View: 7, DB: 0) | 200 OK [http://localhost/rails/]


Processing ApplicationController#index (for 127.0.0.1 at 2009-06-03 02:52:36) [GET]

ActionController::RoutingError (No route matches "/rails/foo" with {:method=>:get}):
  <internal:prelude>:8:in `synchronize'
  thin (1.2.1) lib/thin/connection.rb:76:in `block in pre_process'
  thin (1.2.1) lib/thin/connection.rb:74:in `catch'
  thin (1.2.1) lib/thin/connection.rb:74:in `pre_process'
  thin (1.2.1) lib/thin/connection.rb:57:in `process'
  thin (1.2.1) lib/thin/connection.rb:42:in `receive_data'
  eventmachine (0.12.6) lib/eventmachine.rb:240:in `run_machine'
  eventmachine (0.12.6) lib/eventmachine.rb:240:in `run'
  thin (1.2.1) lib/thin/backends/base.rb:57:in `start'
  thin (1.2.1) lib/thin/server.rb:150:in `start'
  thin (1.2.1) lib/thin/controllers/controller.rb:80:in `start'
  thin (1.2.1) lib/thin/runner.rb:173:in `run_command'
  thin (1.2.1) lib/thin/runner.rb:139:in `run!'
  thin (1.2.1) bin/thin:6:in `<top (required)>'
  /usr/bin/thin19:19:in `load'
  /usr/bin/thin19:19:in `<main>'

Rendering rescues/layout (not_found)


Processing FooController#index (for 127.0.0.1 at 2009-06-03 02:52:50) [GET]
Rendering foo/index
Completed in 11ms (View: 9, DB: 0) | 200 OK [http://localhost/rails]


Processing ApplicationController#index (for 127.0.0.1 at 2009-06-03 02:52:53) [GET]

ActionController::RoutingError (No route matches "/rails/foo" with {:method=>:get}):
  <internal:prelude>:8:in `synchronize'
  thin (1.2.1) lib/thin/connection.rb:76:in `block in pre_process'
  thin (1.2.1) lib/thin/connection.rb:74:in `catch'
  thin (1.2.1) lib/thin/connection.rb:74:in `pre_process'
  thin (1.2.1) lib/thin/connection.rb:57:in `process'
  thin (1.2.1) lib/thin/connection.rb:42:in `receive_data'
  eventmachine (0.12.6) lib/eventmachine.rb:240:in `run_machine'
  eventmachine (0.12.6) lib/eventmachine.rb:240:in `run'
  thin (1.2.1) lib/thin/backends/base.rb:57:in `start'
  thin (1.2.1) lib/thin/server.rb:150:in `start'
  thin (1.2.1) lib/thin/controllers/controller.rb:80:in `start'
  thin (1.2.1) lib/thin/runner.rb:173:in `run_command'
  thin (1.2.1) lib/thin/runner.rb:139:in `run!'
  thin (1.2.1) bin/thin:6:in `<top (required)>'
  /usr/bin/thin19:19:in `load'
  /usr/bin/thin19:19:in `<main>'

Rendering rescues/layout (not_found)


Processing FooController#index (for 127.0.0.1 at 2009-06-03 02:52:56) [GET]
Rendering foo/index
Completed in 2ms (View: 1, DB: 0) | 200 OK [http://localhost/rails]


Processing FooController#index (for 127.0.0.1 at 2009-06-03 02:54:31) [GET]
Rendering foo/index
Completed in 9ms (View: 8, DB: 0) | 200 OK [http://localhost/rails]


Processing ApplicationController#index (for 127.0.0.1 at 2009-06-03 02:54:33) [GET]

ActionController::RoutingError (No route matches "/rails/rails" with {:method=>:get}):
  <internal:prelude>:8:in `synchronize'
  thin (1.2.1) lib/thin/connection.rb:76:in `block in pre_process'
  thin (1.2.1) lib/thin/connection.rb:74:in `catch'
  thin (1.2.1) lib/thin/connection.rb:74:in `pre_process'
  thin (1.2.1) lib/thin/connection.rb:57:in `process'
  thin (1.2.1) lib/thin/connection.rb:42:in `receive_data'
  eventmachine (0.12.6) lib/eventmachine.rb:240:in `run_machine'
  eventmachine (0.12.6) lib/eventmachine.rb:240:in `run'
  thin (1.2.1) lib/thin/backends/base.rb:57:in `start'
  thin (1.2.1) lib/thin/server.rb:150:in `start'
  thin (1.2.1) lib/thin/controllers/controller.rb:80:in `start'
  thin (1.2.1) lib/thin/runner.rb:173:in `run_command'
  thin (1.2.1) lib/thin/runner.rb:139:in `run!'
  thin (1.2.1) bin/thin:6:in `<top (required)>'
  /usr/bin/thin19:19:in `load'
  /usr/bin/thin19:19:in `<main>'

Rendering rescues/layout (not_found)


Processing ApplicationController#index (for 127.0.0.1 at 2009-06-03 02:54:34) [GET]

ActionController::RoutingError (No route matches "/rails/rails" with {:method=>:get}):
  <internal:prelude>:8:in `synchronize'
  thin (1.2.1) lib/thin/connection.rb:76:in `block in pre_process'
  thin (1.2.1) lib/thin/connection.rb:74:in `catch'
  thin (1.2.1) lib/thin/connection.rb:74:in `pre_process'
  thin (1.2.1) lib/thin/connection.rb:57:in `process'
  thin (1.2.1) lib/thin/connection.rb:42:in `receive_data'
  eventmachine (0.12.6) lib/eventmachine.rb:240:in `run_machine'
  eventmachine (0.12.6) lib/eventmachine.rb:240:in `run'
  thin (1.2.1) lib/thin/backends/base.rb:57:in `start'
  thin (1.2.1) lib/thin/server.rb:150:in `start'
  thin (1.2.1) lib/thin/controllers/controller.rb:80:in `start'
  thin (1.2.1) lib/thin/runner.rb:173:in `run_command'
  thin (1.2.1) lib/thin/runner.rb:139:in `run!'
  thin (1.2.1) bin/thin:6:in `<top (required)>'
  /usr/bin/thin19:19:in `load'
  /usr/bin/thin19:19:in `<main>'

Rendering rescues/layout (not_found)


Processing ApplicationController#index (for 127.0.0.1 at 2009-06-03 02:54:37) [GET]

ActionController::RoutingError (No route matches "/rails/foo" with {:method=>:get}):
  <internal:prelude>:8:in `synchronize'
  thin (1.2.1) lib/thin/connection.rb:76:in `block in pre_process'
  thin (1.2.1) lib/thin/connection.rb:74:in `catch'
  thin (1.2.1) lib/thin/connection.rb:74:in `pre_process'
  thin (1.2.1) lib/thin/connection.rb:57:in `process'
  thin (1.2.1) lib/thin/connection.rb:42:in `receive_data'
  eventmachine (0.12.6) lib/eventmachine.rb:240:in `run_machine'
  eventmachine (0.12.6) lib/eventmachine.rb:240:in `run'
  thin (1.2.1) lib/thin/backends/base.rb:57:in `start'
  thin (1.2.1) lib/thin/server.rb:150:in `start'
  thin (1.2.1) lib/thin/controllers/controller.rb:80:in `start'
  thin (1.2.1) lib/thin/runner.rb:173:in `run_command'
  thin (1.2.1) lib/thin/runner.rb:139:in `run!'
  thin (1.2.1) bin/thin:6:in `<top (required)>'
  /usr/bin/thin19:19:in `load'
  /usr/bin/thin19:19:in `<main>'

Rendering rescues/layout (not_found)


Processing ApplicationController#index (for 127.0.0.1 at 2009-06-03 02:54:57) [GET]

ActionController::RoutingError (No route matches "/rails/foo" with {:method=>:get}):
  <internal:prelude>:8:in `synchronize'
  thin (1.2.1) lib/thin/connection.rb:76:in `block in pre_process'
  thin (1.2.1) lib/thin/connection.rb:74:in `catch'
  thin (1.2.1) lib/thin/connection.rb:74:in `pre_process'
  thin (1.2.1) lib/thin/connection.rb:57:in `process'
  thin (1.2.1) lib/thin/connection.rb:42:in `receive_data'
  eventmachine (0.12.6) lib/eventmachine.rb:240:in `run_machine'
  eventmachine (0.12.6) lib/eventmachine.rb:240:in `run'
  thin (1.2.1) lib/thin/backends/base.rb:57:in `start'
  thin (1.2.1) lib/thin/server.rb:150:in `start'
  thin (1.2.1) lib/thin/controllers/controller.rb:80:in `start'
  thin (1.2.1) lib/thin/runner.rb:173:in `run_command'
  thin (1.2.1) lib/thin/runner.rb:139:in `run!'
  thin (1.2.1) bin/thin:6:in `<top (required)>'
  /usr/bin/thin19:19:in `load'
  /usr/bin/thin19:19:in `<main>'

Rendering rescues/layout (not_found)


Processing FooController#index (for 127.0.0.1 at 2009-06-03 02:55:41) [GET]
Rendering foo/index
Completed in 9ms (View: 8, DB: 0) | 200 OK [http://localhost/rails/foo]


Processing FooController#index (for 127.0.0.1 at 2009-06-03 02:55:43) [GET]
Rendering foo/index
Completed in 2ms (View: 1, DB: 0) | 200 OK [http://localhost/rails/foo]


Processing FooController#index (for 127.0.0.1 at 2009-06-03 02:56:02) [GET]
Rendering foo/index
Completed in 2ms (View: 1, DB: 0) | 200 OK [http://localhost/rails/foo]


Processing FooController#index (for 127.0.0.1 at 2009-06-03 02:56:57) [GET]
Rendering foo/index
Completed in 7ms (View: 6, DB: 0) | 200 OK [http://localhost/rails/foo]


Processing FooController#index (for 127.0.0.1 at 2009-06-03 02:57:05) [GET]
Rendering foo/index
Completed in 7ms (View: 6, DB: 0) | 200 OK [http://localhost/rails/foo]


Processing FooController#index (for 127.0.0.1 at 2009-06-03 02:57:13) [GET]
Rendering foo/index
Completed in 7ms (View: 6, DB: 0) | 200 OK [http://localhost/rails/foo]


Processing FooController#index (for 127.0.0.1 at 2009-06-03 02:58:09) [GET]
Rendering foo/index
Completed in 7ms (View: 6, DB: 0) | 200 OK [http://localhost/rails/foo]


Processing FooController#bar (for 127.0.0.1 at 2009-06-03 02:58:12) [GET]

ActionController::UnknownAction (No action responded to bar. Actions: index):
  <internal:prelude>:8:in `synchronize'
  thin (1.2.1) lib/thin/connection.rb:76:in `block in pre_process'
  thin (1.2.1) lib/thin/connection.rb:74:in `catch'
  thin (1.2.1) lib/thin/connection.rb:74:in `pre_process'
  thin (1.2.1) lib/thin/connection.rb:57:in `process'
  thin (1.2.1) lib/thin/connection.rb:42:in `receive_data'
  eventmachine (0.12.6) lib/eventmachine.rb:240:in `run_machine'
  eventmachine (0.12.6) lib/eventmachine.rb:240:in `run'
  thin (1.2.1) lib/thin/backends/base.rb:57:in `start'
  thin (1.2.1) lib/thin/server.rb:150:in `start'
  thin (1.2.1) lib/thin/controllers/controller.rb:80:in `start'
  thin (1.2.1) lib/thin/runner.rb:173:in `run_command'
  thin (1.2.1) lib/thin/runner.rb:139:in `run!'
  thin (1.2.1) bin/thin:6:in `<top (required)>'
  /usr/bin/thin19:19:in `load'
  /usr/bin/thin19:19:in `<main>'

Rendering rescues/layout (not_found)


Processing FooController#index (for 127.0.0.1 at 2009-06-03 02:58:17) [GET]
Rendering foo/index
Completed in 2ms (View: 1, DB: 0) | 200 OK [http://localhost/rails/foo/index]


Processing FooController#index (for 127.0.0.1 at 2009-06-03 11:50:52) [GET]
Rendering foo/index
Completed in 21ms (View: 20, DB: 0) | 200 OK [http://localhost/rails/foo/index]


Processing FooController#index (for 127.0.0.1 at 2009-06-03 14:52:43) [GET]
Rendering foo/index
Completed in 9ms (View: 7, DB: 0) | 200 OK [http://localhost/rails/foo/index]


Processing FooController#index (for 127.0.0.1 at 2009-06-03 14:53:08) [GET]
Rendering foo/index
Completed in 9ms (View: 7, DB: 0) | 200 OK [http://localhost/man/im/in/rails/foo/index]


Processing FooController#index (for 127.0.0.1 at 2009-06-03 14:55:52) [GET]
Rendering foo/index
Completed in 9ms (View: 7, DB: 0) | 200 OK [http://localhost/man/im/in/rails/foo]


Processing ApplicationController#index (for 127.0.0.1 at 2009-06-03 14:55:55) [GET]

ActionController::RoutingError (No route matches "" with {:method=>:get}):
  <internal:prelude>:8:in `synchronize'
  thin (1.2.1) lib/thin/connection.rb:76:in `block in pre_process'
  thin (1.2.1) lib/thin/connection.rb:74:in `catch'
  thin (1.2.1) lib/thin/connection.rb:74:in `pre_process'
  thin (1.2.1) lib/thin/connection.rb:57:in `process'
  thin (1.2.1) lib/thin/connection.rb:42:in `receive_data'
  eventmachine (0.12.6) lib/eventmachine.rb:240:in `run_machine'
  eventmachine (0.12.6) lib/eventmachine.rb:240:in `run'
  thin (1.2.1) lib/thin/backends/base.rb:57:in `start'
  thin (1.2.1) lib/thin/server.rb:150:in `start'
  thin (1.2.1) lib/thin/controllers/controller.rb:80:in `start'
  thin (1.2.1) lib/thin/runner.rb:173:in `run_command'
  thin (1.2.1) lib/thin/runner.rb:139:in `run!'
  thin (1.2.1) bin/thin:6:in `<top (required)>'
  /usr/bin/thin19:19:in `load'
  /usr/bin/thin19:19:in `<main>'

Rendering rescues/layout (not_found)


Processing FooController#index (for 127.0.0.1 at 2009-06-03 14:55:57) [GET]
Rendering foo/index
Completed in 2ms (View: 1, DB: 0) | 200 OK [http://localhost/man/im/in/rails/foo/index]


Processing FooController#index (for 127.0.0.1 at 2009-06-03 14:55:58) [GET]
Rendering foo/index
Completed in 2ms (View: 1, DB: 0) | 200 OK [http://localhost/man/im/in/rails/foo/]
